{"/Users/martin.nuc/programming/courses/react/react-basic-decermber-2024/react-course/src/App.jsx": {"path":"/Users/martin.nuc/programming/courses/react/react-basic-decermber-2024/react-course/src/App.jsx","statementMap":{"0":{"start":{"line":5,"column":2},"end":{"line":10,"column":null}}},"fnMap":{"0":{"name":"App","decl":{"start":{"line":4,"column":9},"end":{"line":4,"column":15}},"loc":{"start":{"line":4,"column":15},"end":{"line":12,"column":null}}}},"branchMap":{},"s":{"0":0},"f":{"0":0},"b":{}}
,"/Users/martin.nuc/programming/courses/react/react-basic-decermber-2024/react-course/src/click-tracking.jsx": {"path":"/Users/martin.nuc/programming/courses/react/react-basic-decermber-2024/react-course/src/click-tracking.jsx","statementMap":{"0":{"start":{"line":4,"column":36},"end":{"line":4,"column":null}},"1":{"start":{"line":6,"column":2},"end":{"line":20,"column":null}},"2":{"start":{"line":8,"column":6},"end":{"line":14,"column":null}},"3":{"start":{"line":8,"column":34},"end":{"line":14,"column":7}},"4":{"start":{"line":17,"column":4},"end":{"line":17,"column":null}},"5":{"start":{"line":19,"column":4},"end":{"line":19,"column":null}},"6":{"start":{"line":19,"column":17},"end":{"line":19,"column":null}},"7":{"start":{"line":22,"column":2},"end":{"line":29,"column":null}},"8":{"start":{"line":25,"column":8},"end":{"line":27,"column":null}}},"fnMap":{"0":{"name":"ClickTracking","decl":{"start":{"line":3,"column":16},"end":{"line":3,"column":32}},"loc":{"start":{"line":3,"column":32},"end":{"line":31,"column":null}}},"1":{"name":"(anonymous_1)","decl":{"start":{"line":6,"column":12},"end":{"line":6,"column":18}},"loc":{"start":{"line":6,"column":18},"end":{"line":20,"column":5}}},"2":{"name":"clickHandler","decl":{"start":{"line":7,"column":13},"end":{"line":7,"column":26}},"loc":{"start":{"line":7,"column":33},"end":{"line":15,"column":null}}},"3":{"name":"(anonymous_3)","decl":{"start":{"line":8,"column":19},"end":{"line":8,"column":20}},"loc":{"start":{"line":8,"column":34},"end":{"line":14,"column":7}}},"4":{"name":"(anonymous_4)","decl":{"start":{"line":19,"column":11},"end":{"line":19,"column":17}},"loc":{"start":{"line":19,"column":17},"end":{"line":19,"column":null}}},"5":{"name":"(anonymous_5)","decl":{"start":{"line":24,"column":21},"end":{"line":24,"column":22}},"loc":{"start":{"line":25,"column":8},"end":{"line":27,"column":null}}}},"branchMap":{},"s":{"0":0,"1":0,"2":0,"3":0,"4":0,"5":0,"6":0,"7":0,"8":0},"f":{"0":0,"1":0,"2":0,"3":0,"4":0,"5":0},"b":{}}
,"/Users/martin.nuc/programming/courses/react/react-basic-decermber-2024/react-course/src/main.jsx": {"path":"/Users/martin.nuc/programming/courses/react/react-basic-decermber-2024/react-course/src/main.jsx","statementMap":{"0":{"start":{"line":6,"column":0},"end":{"line":10,"column":null}}},"fnMap":{},"branchMap":{},"s":{"0":0},"f":{},"b":{}}
,"/Users/martin.nuc/programming/courses/react/react-basic-decermber-2024/react-course/src/vending-item.jsx": {"path":"/Users/martin.nuc/programming/courses/react/react-basic-decermber-2024/react-course/src/vending-item.jsx","statementMap":{"0":{"start":{"line":7,"column":33},"end":{"line":7,"column":null}},"1":{"start":{"line":9,"column":16},"end":{"line":9,"column":null}},"2":{"start":{"line":11,"column":21},"end":{"line":11,"column":null}},"3":{"start":{"line":14,"column":4},"end":{"line":16,"column":null}},"4":{"start":{"line":15,"column":6},"end":{"line":15,"column":null}},"5":{"start":{"line":18,"column":4},"end":{"line":18,"column":null}},"6":{"start":{"line":21,"column":2},"end":{"line":35,"column":null}}},"fnMap":{"0":{"name":"VendingItem","decl":{"start":{"line":6,"column":16},"end":{"line":6,"column":28}},"loc":{"start":{"line":6,"column":53},"end":{"line":37,"column":null}}},"1":{"name":"handleClick","decl":{"start":{"line":13,"column":11},"end":{"line":13,"column":25}},"loc":{"start":{"line":13,"column":25},"end":{"line":19,"column":null}}}},"branchMap":{"0":{"loc":{"start":{"line":14,"column":4},"end":{"line":16,"column":null}},"type":"if","locations":[{"start":{"line":14,"column":4},"end":{"line":16,"column":null}},{"start":{},"end":{}}]},"1":{"loc":{"start":{"line":34,"column":7},"end":{"line":34,"column":null}},"type":"binary-expr","locations":[{"start":{"line":34,"column":7},"end":{"line":34,"column":21}},{"start":{"line":34,"column":21},"end":{"line":34,"column":null}}]}},"s":{"0":6,"1":6,"2":6,"3":1,"4":0,"5":1,"6":6},"f":{"0":6,"1":1},"b":{"0":[0,1],"1":[6,0]}}
,"/Users/martin.nuc/programming/courses/react/react-basic-decermber-2024/react-course/src/vending-machine.jsx": {"path":"/Users/martin.nuc/programming/courses/react/react-basic-decermber-2024/react-course/src/vending-machine.jsx","statementMap":{"0":{"start":{"line":7,"column":28},"end":{"line":7,"column":null}},"1":{"start":{"line":10,"column":28},"end":{"line":26,"column":null}},"2":{"start":{"line":28,"column":26},"end":{"line":28,"column":null}},"3":{"start":{"line":29,"column":30},"end":{"line":29,"column":null}},"4":{"start":{"line":31,"column":28},"end":{"line":31,"column":null}},"5":{"start":{"line":34,"column":4},"end":{"line":38,"column":null}},"6":{"start":{"line":36,"column":8},"end":{"line":36,"column":null}},"7":{"start":{"line":39,"column":4},"end":{"line":39,"column":null}},"8":{"start":{"line":43,"column":4},"end":{"line":43,"column":null}},"9":{"start":{"line":47,"column":4},"end":{"line":47,"column":null}},"10":{"start":{"line":50,"column":21},"end":{"line":52,"column":null}},"11":{"start":{"line":51,"column":19},"end":{"line":51,"column":29}},"12":{"start":{"line":52,"column":27},"end":{"line":52,"column":39}},"13":{"start":{"line":54,"column":19},"end":{"line":54,"column":null}},"14":{"start":{"line":56,"column":2},"end":{"line":80,"column":null}},"15":{"start":{"line":65,"column":74},"end":{"line":65,"column":null}},"16":{"start":{"line":66,"column":33},"end":{"line":66,"column":50}},"17":{"start":{"line":67,"column":33},"end":{"line":67,"column":50}},"18":{"start":{"line":68,"column":33},"end":{"line":68,"column":50}},"19":{"start":{"line":73,"column":10},"end":{"line":77,"column":null}},"20":{"start":{"line":76,"column":33},"end":{"line":76,"column":null}}},"fnMap":{"0":{"name":"VendingMachine","decl":{"start":{"line":9,"column":16},"end":{"line":9,"column":33}},"loc":{"start":{"line":9,"column":33},"end":{"line":82,"column":null}}},"1":{"name":"addToCart","decl":{"start":{"line":33,"column":11},"end":{"line":33,"column":21}},"loc":{"start":{"line":33,"column":32},"end":{"line":40,"column":null}}},"2":{"name":"(anonymous_2)","decl":{"start":{"line":35,"column":16},"end":{"line":35,"column":17}},"loc":{"start":{"line":36,"column":8},"end":{"line":36,"column":null}}},"3":{"name":"chargeCoins","decl":{"start":{"line":42,"column":11},"end":{"line":42,"column":23}},"loc":{"start":{"line":42,"column":31},"end":{"line":44,"column":null}}},"4":{"name":"toggleTheme","decl":{"start":{"line":46,"column":11},"end":{"line":46,"column":25}},"loc":{"start":{"line":46,"column":25},"end":{"line":48,"column":null}}},"5":{"name":"(anonymous_5)","decl":{"start":{"line":51,"column":9},"end":{"line":51,"column":10}},"loc":{"start":{"line":51,"column":19},"end":{"line":51,"column":29}}},"6":{"name":"(anonymous_6)","decl":{"start":{"line":52,"column":12},"end":{"line":52,"column":13}},"loc":{"start":{"line":52,"column":27},"end":{"line":52,"column":39}}},"7":{"name":"(anonymous_7)","decl":{"start":{"line":65,"column":68},"end":{"line":65,"column":74}},"loc":{"start":{"line":65,"column":74},"end":{"line":65,"column":null}}},"8":{"name":"(anonymous_8)","decl":{"start":{"line":66,"column":27},"end":{"line":66,"column":33}},"loc":{"start":{"line":66,"column":33},"end":{"line":66,"column":50}}},"9":{"name":"(anonymous_9)","decl":{"start":{"line":67,"column":27},"end":{"line":67,"column":33}},"loc":{"start":{"line":67,"column":33},"end":{"line":67,"column":50}}},"10":{"name":"(anonymous_10)","decl":{"start":{"line":68,"column":27},"end":{"line":68,"column":33}},"loc":{"start":{"line":68,"column":33},"end":{"line":68,"column":50}}},"11":{"name":"(anonymous_11)","decl":{"start":{"line":72,"column":19},"end":{"line":72,"column":20}},"loc":{"start":{"line":73,"column":10},"end":{"line":77,"column":null}}},"12":{"name":"(anonymous_12)","decl":{"start":{"line":76,"column":27},"end":{"line":76,"column":33}},"loc":{"start":{"line":76,"column":33},"end":{"line":76,"column":null}}}},"branchMap":{"0":{"loc":{"start":{"line":36,"column":8},"end":{"line":36,"column":null}},"type":"cond-expr","locations":[{"start":{"line":36,"column":29},"end":{"line":36,"column":66}},{"start":{"line":36,"column":66},"end":{"line":36,"column":null}}]},"1":{"loc":{"start":{"line":47,"column":13},"end":{"line":47,"column":48}},"type":"cond-expr","locations":[{"start":{"line":47,"column":32},"end":{"line":47,"column":42}},{"start":{"line":47,"column":42},"end":{"line":47,"column":48}}]},"2":{"loc":{"start":{"line":58,"column":37},"end":{"line":58,"column":68}},"type":"cond-expr","locations":[{"start":{"line":58,"column":56},"end":{"line":58,"column":63}},{"start":{"line":58,"column":63},"end":{"line":58,"column":68}}]}},"s":{"0":1,"1":2,"2":2,"3":2,"4":2,"5":1,"6":3,"7":1,"8":0,"9":0,"10":2,"11":1,"12":1,"13":2,"14":2,"15":0,"16":0,"17":0,"18":0,"19":6,"20":1},"f":{"0":2,"1":1,"2":3,"3":0,"4":0,"5":1,"6":1,"7":0,"8":0,"9":0,"10":0,"11":6,"12":1},"b":{"0":[1,2],"1":[0,0],"2":[2,0]}}
,"/Users/martin.nuc/programming/courses/react/react-basic-decermber-2024/react-course/src/automatic-counter/automatic-counter.jsx": {"path":"/Users/martin.nuc/programming/courses/react/react-basic-decermber-2024/react-course/src/automatic-counter/automatic-counter.jsx","statementMap":{"0":{"start":{"line":3,"column":32},"end":{"line":17,"column":null}},"1":{"start":{"line":4,"column":32},"end":{"line":4,"column":null}},"2":{"start":{"line":6,"column":2},"end":{"line":12,"column":null}},"3":{"start":{"line":7,"column":24},"end":{"line":9,"column":null}},"4":{"start":{"line":8,"column":6},"end":{"line":8,"column":null}},"5":{"start":{"line":8,"column":28},"end":{"line":8,"column":39}},"6":{"start":{"line":11,"column":4},"end":{"line":11,"column":null}},"7":{"start":{"line":11,"column":17},"end":{"line":11,"column":null}},"8":{"start":{"line":14,"column":2},"end":{"line":14,"column":null}},"9":{"start":{"line":16,"column":2},"end":{"line":16,"column":null}},"10":{"start":{"line":20,"column":12},"end":{"line":20,"column":null}},"11":{"start":{"line":22,"column":2},"end":{"line":27,"column":null}},"12":{"start":{"line":24,"column":4},"end":{"line":24,"column":null}},"13":{"start":{"line":26,"column":4},"end":{"line":26,"column":null}}},"fnMap":{"0":{"name":"(anonymous_0)","decl":{"start":{"line":3,"column":32},"end":{"line":3,"column":38}},"loc":{"start":{"line":3,"column":38},"end":{"line":17,"column":null}}},"1":{"name":"(anonymous_1)","decl":{"start":{"line":6,"column":12},"end":{"line":6,"column":18}},"loc":{"start":{"line":6,"column":18},"end":{"line":12,"column":5}}},"2":{"name":"(anonymous_2)","decl":{"start":{"line":7,"column":36},"end":{"line":7,"column":42}},"loc":{"start":{"line":7,"column":42},"end":{"line":9,"column":7}}},"3":{"name":"(anonymous_3)","decl":{"start":{"line":8,"column":17},"end":{"line":8,"column":28}},"loc":{"start":{"line":8,"column":28},"end":{"line":8,"column":39}}},"4":{"name":"(anonymous_4)","decl":{"start":{"line":11,"column":11},"end":{"line":11,"column":17}},"loc":{"start":{"line":11,"column":17},"end":{"line":11,"column":null}}},"5":{"name":"setCounter","decl":{"start":{"line":21,"column":9},"end":{"line":21,"column":20}},"loc":{"start":{"line":21,"column":31},"end":{"line":29,"column":null}}}},"branchMap":{"0":{"loc":{"start":{"line":22,"column":2},"end":{"line":27,"column":null}},"type":"if","locations":[{"start":{"line":22,"column":2},"end":{"line":27,"column":null}},{"start":{"line":25,"column":9},"end":{"line":27,"column":null}}]}},"s":{"0":0,"1":0,"2":0,"3":0,"4":0,"5":0,"6":0,"7":0,"8":0,"9":0,"10":0,"11":0,"12":0,"13":0},"f":{"0":0,"1":0,"2":0,"3":0,"4":0,"5":0},"b":{"0":[0,0]}}
,"/Users/martin.nuc/programming/courses/react/react-basic-decermber-2024/react-course/src/divide-with-remainder/divide-with-remainder.js": {"path":"/Users/martin.nuc/programming/courses/react/react-basic-decermber-2024/react-course/src/divide-with-remainder/divide-with-remainder.js","statementMap":{"0":{"start":{"line":2,"column":2},"end":{"line":4,"column":3}},"1":{"start":{"line":3,"column":4},"end":{"line":3,"column":46}},"2":{"start":{"line":6,"column":17},"end":{"line":6,"column":34}},"3":{"start":{"line":7,"column":20},"end":{"line":7,"column":25}},"4":{"start":{"line":9,"column":2},"end":{"line":12,"column":4}}},"fnMap":{"0":{"name":"divideWithRemainder","decl":{"start":{"line":1,"column":16},"end":{"line":1,"column":35}},"loc":{"start":{"line":1,"column":42},"end":{"line":13,"column":1}}}},"branchMap":{"0":{"loc":{"start":{"line":2,"column":2},"end":{"line":4,"column":3}},"type":"if","locations":[{"start":{"line":2,"column":2},"end":{"line":4,"column":3}},{"start":{},"end":{}}]}},"s":{"0":3,"1":1,"2":2,"3":2,"4":2},"f":{"0":3},"b":{"0":[1,2]}}
,"/Users/martin.nuc/programming/courses/react/react-basic-decermber-2024/react-course/src/do-n-times/do-n-times.js": {"path":"/Users/martin.nuc/programming/courses/react/react-basic-decermber-2024/react-course/src/do-n-times/do-n-times.js","statementMap":{"0":{"start":{"line":2,"column":2},"end":{"line":4,"column":3}},"1":{"start":{"line":2,"column":14},"end":{"line":2,"column":15}},"2":{"start":{"line":3,"column":4},"end":{"line":3,"column":9}}},"fnMap":{"0":{"name":"doNTimes","decl":{"start":{"line":1,"column":16},"end":{"line":1,"column":24}},"loc":{"start":{"line":1,"column":32},"end":{"line":5,"column":1}}}},"branchMap":{},"s":{"0":1,"1":1,"2":3},"f":{"0":1},"b":{}}
,"/Users/martin.nuc/programming/courses/react/react-basic-decermber-2024/react-course/src/dropdown/dropdown.jsx": {"path":"/Users/martin.nuc/programming/courses/react/react-basic-decermber-2024/react-course/src/dropdown/dropdown.jsx","statementMap":{"0":{"start":{"line":5,"column":44},"end":{"line":5,"column":null}},"1":{"start":{"line":20,"column":2},"end":{"line":24,"column":null}},"2":{"start":{"line":21,"column":4},"end":{"line":23,"column":null}},"3":{"start":{"line":22,"column":6},"end":{"line":22,"column":null}},"4":{"start":{"line":27,"column":4},"end":{"line":27,"column":null}},"5":{"start":{"line":28,"column":4},"end":{"line":28,"column":null}},"6":{"start":{"line":31,"column":2},"end":{"line":35,"column":null}}},"fnMap":{"0":{"name":"DropdownComponent","decl":{"start":{"line":4,"column":16},"end":{"line":4,"column":34}},"loc":{"start":{"line":4,"column":73},"end":{"line":37,"column":null}}},"1":{"name":"(anonymous_1)","decl":{"start":{"line":20,"column":12},"end":{"line":20,"column":18}},"loc":{"start":{"line":20,"column":18},"end":{"line":24,"column":5}}},"2":{"name":"handleToggleList","decl":{"start":{"line":26,"column":11},"end":{"line":26,"column":28}},"loc":{"start":{"line":26,"column":31},"end":{"line":29,"column":null}}}},"branchMap":{"0":{"loc":{"start":{"line":21,"column":4},"end":{"line":23,"column":null}},"type":"if","locations":[{"start":{"line":21,"column":4},"end":{"line":23,"column":null}},{"start":{},"end":{}}]},"1":{"loc":{"start":{"line":34,"column":7},"end":{"line":34,"column":null}},"type":"binary-expr","locations":[{"start":{"line":34,"column":7},"end":{"line":34,"column":24}},{"start":{"line":34,"column":24},"end":{"line":34,"column":null}}]}},"s":{"0":2,"1":2,"2":2,"3":0,"4":0,"5":0,"6":2},"f":{"0":2,"1":2,"2":0},"b":{"0":[0,2],"1":[2,0]}}
,"/Users/martin.nuc/programming/courses/react/react-basic-decermber-2024/react-course/src/joke/joke.jsx": {"path":"/Users/martin.nuc/programming/courses/react/react-basic-decermber-2024/react-course/src/joke/joke.jsx","statementMap":{"0":{"start":{"line":4,"column":38},"end":{"line":4,"column":null}},"1":{"start":{"line":6,"column":2},"end":{"line":8,"column":null}},"2":{"start":{"line":7,"column":4},"end":{"line":7,"column":null}},"3":{"start":{"line":10,"column":2},"end":{"line":13,"column":null}}},"fnMap":{"0":{"name":"Joke","decl":{"start":{"line":3,"column":16},"end":{"line":3,"column":23}},"loc":{"start":{"line":3,"column":23},"end":{"line":14,"column":null}}}},"branchMap":{"0":{"loc":{"start":{"line":6,"column":2},"end":{"line":8,"column":null}},"type":"if","locations":[{"start":{"line":6,"column":2},"end":{"line":8,"column":null}},{"start":{},"end":{}}]}},"s":{"0":0,"1":0,"2":0,"3":0},"f":{"0":0},"b":{"0":[0,0]}}
,"/Users/martin.nuc/programming/courses/react/react-basic-decermber-2024/react-course/src/joke/use-joke.js": {"path":"/Users/martin.nuc/programming/courses/react/react-basic-decermber-2024/react-course/src/joke/use-joke.js","statementMap":{"0":{"start":{"line":4,"column":23},"end":{"line":27,"column":null}},"1":{"start":{"line":5,"column":26},"end":{"line":5,"column":40}},"2":{"start":{"line":6,"column":36},"end":{"line":6,"column":51}},"3":{"start":{"line":8,"column":2},"end":{"line":10,"column":9}},"4":{"start":{"line":9,"column":4},"end":{"line":9,"column":16}},"5":{"start":{"line":13,"column":4},"end":{"line":19,"column":5}},"6":{"start":{"line":14,"column":6},"end":{"line":14,"column":25}},"7":{"start":{"line":15,"column":23},"end":{"line":15,"column":81}},"8":{"start":{"line":16,"column":6},"end":{"line":16,"column":35}},"9":{"start":{"line":18,"column":6},"end":{"line":18,"column":26}},"10":{"start":{"line":22,"column":2},"end":{"line":26,"column":3}}},"fnMap":{"0":{"name":"(anonymous_0)","decl":{"start":{"line":4,"column":23},"end":{"line":4,"column":24}},"loc":{"start":{"line":4,"column":29},"end":{"line":27,"column":null}}},"1":{"name":"(anonymous_1)","decl":{"start":{"line":8,"column":12},"end":{"line":8,"column":13}},"loc":{"start":{"line":8,"column":18},"end":{"line":10,"column":3}}},"2":{"name":"fetchJoke","decl":{"start":{"line":12,"column":17},"end":{"line":12,"column":26}},"loc":{"start":{"line":12,"column":29},"end":{"line":20,"column":3}}}},"branchMap":{},"s":{"0":0,"1":0,"2":0,"3":0,"4":0,"5":0,"6":0,"7":0,"8":0,"9":0,"10":0},"f":{"0":0,"1":0,"2":0},"b":{}}
,"/Users/martin.nuc/programming/courses/react/react-basic-decermber-2024/react-course/src/mouse-position/my-mouse.jsx": {"path":"/Users/martin.nuc/programming/courses/react/react-basic-decermber-2024/react-course/src/mouse-position/my-mouse.jsx","statementMap":{"0":{"start":{"line":3,"column":23},"end":{"line":9,"column":null}},"1":{"start":{"line":4,"column":17},"end":{"line":4,"column":null}},"2":{"start":{"line":6,"column":2},"end":{"line":7,"column":null}}},"fnMap":{"0":{"name":"(anonymous_0)","decl":{"start":{"line":3,"column":23},"end":{"line":3,"column":29}},"loc":{"start":{"line":3,"column":29},"end":{"line":9,"column":null}}}},"branchMap":{},"s":{"0":0,"1":0,"2":0},"f":{"0":0},"b":{}}
,"/Users/martin.nuc/programming/courses/react/react-basic-decermber-2024/react-course/src/mouse-position/use-mouse-position.js": {"path":"/Users/martin.nuc/programming/courses/react/react-basic-decermber-2024/react-course/src/mouse-position/use-mouse-position.js","statementMap":{"0":{"start":{"line":3,"column":32},"end":{"line":20,"column":1}},"1":{"start":{"line":4,"column":44},"end":{"line":4,"column":68}},"2":{"start":{"line":6,"column":2},"end":{"line":17,"column":9}},"3":{"start":{"line":7,"column":24},"end":{"line":12,"column":5}},"4":{"start":{"line":8,"column":6},"end":{"line":11,"column":9}},"5":{"start":{"line":13,"column":4},"end":{"line":13,"column":54}},"6":{"start":{"line":14,"column":4},"end":{"line":16,"column":6}},"7":{"start":{"line":15,"column":6},"end":{"line":15,"column":59}},"8":{"start":{"line":19,"column":2},"end":{"line":19,"column":52}}},"fnMap":{"0":{"name":"(anonymous_0)","decl":{"start":{"line":3,"column":32},"end":{"line":3,"column":33}},"loc":{"start":{"line":3,"column":38},"end":{"line":20,"column":1}}},"1":{"name":"(anonymous_1)","decl":{"start":{"line":6,"column":12},"end":{"line":6,"column":13}},"loc":{"start":{"line":6,"column":18},"end":{"line":17,"column":3}}},"2":{"name":"(anonymous_2)","decl":{"start":{"line":7,"column":24},"end":{"line":7,"column":25}},"loc":{"start":{"line":7,"column":35},"end":{"line":12,"column":5}}},"3":{"name":"(anonymous_3)","decl":{"start":{"line":14,"column":11},"end":{"line":14,"column":12}},"loc":{"start":{"line":14,"column":17},"end":{"line":16,"column":5}}}},"branchMap":{},"s":{"0":0,"1":0,"2":0,"3":0,"4":0,"5":0,"6":0,"7":0,"8":0},"f":{"0":0,"1":0,"2":0,"3":0},"b":{}}
,"/Users/martin.nuc/programming/courses/react/react-basic-decermber-2024/react-course/src/rewrite-class-component/number-generator-class.jsx": {"path":"/Users/martin.nuc/programming/courses/react/react-basic-decermber-2024/react-course/src/rewrite-class-component/number-generator-class.jsx","statementMap":{"0":{"start":{"line":11,"column":4},"end":{"line":11,"column":null}},"1":{"start":{"line":12,"column":29},"end":{"line":12,"column":null}},"2":{"start":{"line":12,"column":75},"end":{"line":12,"column":88}},"3":{"start":{"line":13,"column":4},"end":{"line":15,"column":null}},"4":{"start":{"line":19,"column":4},"end":{"line":19,"column":null}},"5":{"start":{"line":23,"column":33},"end":{"line":23,"column":null}},"6":{"start":{"line":25,"column":4},"end":{"line":28,"column":null}},"7":{"start":{"line":26,"column":44},"end":{"line":26,"column":72}},"8":{"start":{"line":27,"column":43},"end":{"line":27,"column":63}}},"fnMap":{"0":{"name":"(anonymous_0)","decl":{"start":{"line":10,"column":2},"end":{"line":10,"column":14}},"loc":{"start":{"line":10,"column":21},"end":{"line":16,"column":null}}},"1":{"name":"(anonymous_1)","decl":{"start":{"line":12,"column":69},"end":{"line":12,"column":75}},"loc":{"start":{"line":12,"column":75},"end":{"line":12,"column":88}}},"2":{"name":"(anonymous_2)","decl":{"start":{"line":18,"column":2},"end":{"line":18,"column":16}},"loc":{"start":{"line":18,"column":16},"end":{"line":20,"column":null}}},"3":{"name":"(anonymous_3)","decl":{"start":{"line":22,"column":2},"end":{"line":22,"column":11}},"loc":{"start":{"line":22,"column":11},"end":{"line":29,"column":null}}},"4":{"name":"(anonymous_4)","decl":{"start":{"line":26,"column":28},"end":{"line":26,"column":29}},"loc":{"start":{"line":26,"column":44},"end":{"line":26,"column":72}}},"5":{"name":"(anonymous_5)","decl":{"start":{"line":27,"column":37},"end":{"line":27,"column":43}},"loc":{"start":{"line":27,"column":43},"end":{"line":27,"column":63}}}},"branchMap":{},"s":{"0":0,"1":0,"2":0,"3":0,"4":0,"5":0,"6":0,"7":0,"8":0},"f":{"0":0,"1":0,"2":0,"3":0,"4":0,"5":0},"b":{}}
,"/Users/martin.nuc/programming/courses/react/react-basic-decermber-2024/react-course/src/rewrite-class-component/number-generator.jsx": {"path":"/Users/martin.nuc/programming/courses/react/react-basic-decermber-2024/react-course/src/rewrite-class-component/number-generator.jsx","statementMap":{"0":{"start":{"line":4,"column":49},"end":{"line":6,"column":null}},"1":{"start":{"line":5,"column":10},"end":{"line":5,"column":null}},"2":{"start":{"line":5,"column":50},"end":{"line":5,"column":63}},"3":{"start":{"line":9,"column":4},"end":{"line":9,"column":null}},"4":{"start":{"line":12,"column":2},"end":{"line":15,"column":null}},"5":{"start":{"line":13,"column":42},"end":{"line":13,"column":70}},"6":{"start":{"line":14,"column":41},"end":{"line":14,"column":56}}},"fnMap":{"0":{"name":"NumberGenerator","decl":{"start":{"line":3,"column":16},"end":{"line":3,"column":32}},"loc":{"start":{"line":3,"column":53},"end":{"line":16,"column":null}}},"1":{"name":"(anonymous_1)","decl":{"start":{"line":5,"column":4},"end":{"line":5,"column":10}},"loc":{"start":{"line":5,"column":10},"end":{"line":5,"column":null}}},"2":{"name":"(anonymous_2)","decl":{"start":{"line":5,"column":44},"end":{"line":5,"column":50}},"loc":{"start":{"line":5,"column":50},"end":{"line":5,"column":63}}},"3":{"name":"generateNew","decl":{"start":{"line":8,"column":11},"end":{"line":8,"column":25}},"loc":{"start":{"line":8,"column":25},"end":{"line":10,"column":null}}},"4":{"name":"(anonymous_4)","decl":{"start":{"line":13,"column":26},"end":{"line":13,"column":27}},"loc":{"start":{"line":13,"column":42},"end":{"line":13,"column":70}}},"5":{"name":"(anonymous_5)","decl":{"start":{"line":14,"column":35},"end":{"line":14,"column":41}},"loc":{"start":{"line":14,"column":41},"end":{"line":14,"column":56}}}},"branchMap":{},"s":{"0":0,"1":0,"2":0,"3":0,"4":0,"5":0,"6":0},"f":{"0":0,"1":0,"2":0,"3":0,"4":0,"5":0},"b":{}}
,"/Users/martin.nuc/programming/courses/react/react-basic-decermber-2024/react-course/src/styling/semaphor.jsx": {"path":"/Users/martin.nuc/programming/courses/react/react-basic-decermber-2024/react-course/src/styling/semaphor.jsx","statementMap":{"0":{"start":{"line":6,"column":34},"end":{"line":6,"column":null}},"1":{"start":{"line":7,"column":46},"end":{"line":7,"column":null}},"2":{"start":{"line":9,"column":22},"end":{"line":12,"column":null}},"3":{"start":{"line":14,"column":2},"end":{"line":18,"column":null}},"4":{"start":{"line":15,"column":27},"end":{"line":15,"column":51}},"5":{"start":{"line":16,"column":27},"end":{"line":16,"column":63}}},"fnMap":{"0":{"name":"Semaphor","decl":{"start":{"line":5,"column":16},"end":{"line":5,"column":27}},"loc":{"start":{"line":5,"column":27},"end":{"line":19,"column":null}}},"1":{"name":"(anonymous_1)","decl":{"start":{"line":15,"column":21},"end":{"line":15,"column":27}},"loc":{"start":{"line":15,"column":27},"end":{"line":15,"column":51}}},"2":{"name":"(anonymous_2)","decl":{"start":{"line":16,"column":21},"end":{"line":16,"column":27}},"loc":{"start":{"line":16,"column":27},"end":{"line":16,"column":63}}}},"branchMap":{},"s":{"0":0,"1":0,"2":0,"3":0,"4":0,"5":0},"f":{"0":0,"1":0,"2":0},"b":{}}
}
